2025-05-01 03:52:03,612 - INFO - ENDPOINT FACTORY - Conectando ao banco de dados Source_PostgreSQL como SOURCE
2025-05-01 03:52:03,612 - INFO - ENDPOINT - Source_PostgreSQL válido
2025-05-01 03:52:03,648 - INFO - ENDPOINT - Source_PostgreSQL conectado
2025-05-01 03:52:03,648 - DEBUG - {'user': 'postgres', 'channel_binding': 'prefer', 'dbname': 'db_employees', 'host': 'localhost', 'port': '5432', 'options': '', 'sslmode': 'prefer', 'sslcompression': '0', 'sslcertmode': 'allow', 'sslsni': '1', 'ssl_min_protocol_version': 'TLSv1.2', 'gssencmode': 'disable', 'krbsrvname': 'postgres', 'gssdelegation': '0', 'target_session_attrs': 'any', 'load_balance_hosts': 'disable'}
2025-05-01 03:52:03,649 - INFO - ENDPOINT FACTORY - Conectando ao banco de dados Target_PostgreSQL como TARGET
2025-05-01 03:52:03,649 - INFO - ENDPOINT - Target_PostgreSQL válido
2025-05-01 03:52:03,681 - INFO - ENDPOINT - Target_PostgreSQL conectado
2025-05-01 03:52:03,682 - DEBUG - {'user': 'postgres', 'channel_binding': 'prefer', 'dbname': 'db_employees_target', 'host': 'localhost', 'port': '5432', 'options': '', 'sslmode': 'prefer', 'sslcompression': '0', 'sslcertmode': 'allow', 'sslsni': '1', 'ssl_min_protocol_version': 'TLSv1.2', 'gssencmode': 'disable', 'krbsrvname': 'postgres', 'gssdelegation': '0', 'target_session_attrs': 'any', 'load_balance_hosts': 'disable'}
2025-05-01 03:52:03,682 - INFO - TASK - fl_employees válido
2025-05-01 03:52:03,682 - INFO - TASK - Obtendo detalhes da tabela employees.salary
2025-05-01 03:52:03,724 - DEBUG - {'schema_name': 'employees', 'table_name': 'salary', 'estimated_row_count': 0, 'table_size': '142 MB', 'columns': ['employee_id', 'amount', 'from_date', 'to_date']}
2025-05-01 03:52:03,724 - INFO - TASK - Obtendo detalhes da tabela employees.employee
2025-05-01 03:52:03,729 - DEBUG - {'schema_name': 'employees', 'table_name': 'employee', 'estimated_row_count': 0, 'table_size': '20 MB', 'columns': ['id', 'birth_date', 'first_name', 'last_name', 'gender', 'hire_date']}
2025-05-01 03:52:03,729 - INFO - TASK - Obtendo detalhes da tabela employees.department_manager
2025-05-01 03:52:03,734 - DEBUG - {'schema_name': 'employees', 'table_name': 'department_manager', 'estimated_row_count': 18, 'table_size': '40 kB', 'columns': ['employee_id', 'department_id', 'from_date', 'to_date']}
2025-05-01 03:52:03,734 - DEBUG - Salvando configuração da tarefa em settings.pickle
2025-05-01 03:52:03,735 - INFO - Iniciando processo de Full Load
2025-05-01 03:52:03,736 - DEBUG - Executando extração de dados (producer.py)
2025-05-01 03:52:04,013 - INFO - ENDPOINT FACTORY - Conectando ao banco de dados Source_PostgreSQL como SOURCE
2025-05-01 03:52:04,014 - INFO - ENDPOINT - Source_PostgreSQL válido
2025-05-01 03:52:04,050 - INFO - ENDPOINT - Source_PostgreSQL conectado
2025-05-01 03:52:04,050 - DEBUG - {'user': 'postgres', 'channel_binding': 'prefer', 'dbname': 'db_employees', 'host': 'localhost', 'port': '5432', 'options': '', 'sslmode': 'prefer', 'sslcompression': '0', 'sslcertmode': 'allow', 'sslsni': '1', 'ssl_min_protocol_version': 'TLSv1.2', 'gssencmode': 'disable', 'krbsrvname': 'postgres', 'gssdelegation': '0', 'target_session_attrs': 'any', 'load_balance_hosts': 'disable'}
2025-05-01 03:52:04,050 - INFO - TASK - Obtendo dados da tabela employees.department_manager
2025-05-01 03:52:04,093 - DEBUG - {'success': True, 'rowcount': 18, 'statusmessage': 'SELECT 18', 'path_data': 'data/full_load_data/fl_employees_employees_department_manager.parquet', 'time_elapsed': '0.04s'}
2025-05-01 03:52:04,093 - INFO - TASK - Obtendo dados da tabela employees.salary
2025-05-01 03:52:07,719 - DEBUG - {'success': True, 'rowcount': 2844047, 'statusmessage': 'SELECT 2844047', 'path_data': 'data/full_load_data/fl_employees_employees_salary.parquet', 'time_elapsed': '3.45s'}
2025-05-01 03:52:07,719 - INFO - TASK - Obtendo dados da tabela employees.employee
2025-05-01 03:52:08,250 - DEBUG - {'success': True, 'rowcount': 300024, 'statusmessage': 'SELECT 300024', 'path_data': 'data/full_load_data/fl_employees_employees_employee.parquet', 'time_elapsed': '0.51s'}
2025-05-01 03:52:08,250 - DEBUG - Salvando configuração da tarefa em settings.pickle
2025-05-01 03:52:08,281 - INFO - producer.py - Exit code: 0
2025-05-01 03:52:08,281 - DEBUG - Executando carregamento de dados (consumer.py)
2025-05-01 03:52:08,558 - INFO - ENDPOINT FACTORY - Conectando ao banco de dados Target_PostgreSQL como TARGET
2025-05-01 03:52:08,558 - INFO - ENDPOINT - Target_PostgreSQL válido
2025-05-01 03:52:08,595 - INFO - ENDPOINT - Target_PostgreSQL conectado
2025-05-01 03:52:08,595 - DEBUG - {'user': 'postgres', 'channel_binding': 'prefer', 'dbname': 'db_employees_target', 'host': 'localhost', 'port': '5432', 'options': '', 'sslmode': 'prefer', 'sslcompression': '0', 'sslcertmode': 'allow', 'sslsni': '1', 'ssl_min_protocol_version': 'TLSv1.2', 'gssencmode': 'disable', 'krbsrvname': 'postgres', 'gssdelegation': '0', 'target_session_attrs': 'any', 'load_balance_hosts': 'disable'}
2025-05-01 03:52:08,619 - INFO - FILTER - Aplicando filtro em employees.department_manager to_date: Filtrando data de inicio igual a 9999-01-01
2025-05-01 03:52:08,636 - INFO - TASK - Realizando carga completa da tabela employees.department_manager
2025-05-01 03:52:08,636 - INFO - ENDPOINT - Removendo tabela employees.department_manager
2025-05-01 03:52:08,665 - INFO - ENDPOINT - Criando tabela employees.department_manager
2025-05-01 03:52:08,680 - INFO - ENDPOINT - Truncando tabela employees.department_manager
2025-05-01 03:52:08,683 - INFO - ENDPOINT - Inserindo 0 registros na tabela employees.department_manager
2025-05-01 03:52:08,685 - DEBUG - {'message': 'Full load data inserted successfully', 'success': True, 'time_elapsed': '0.05s'}
2025-05-01 03:52:08,703 - INFO - TRANSFORMATION - Aplicando transformação em employees.salary: Alterando nome da tabela para português
2025-05-01 03:52:08,703 - INFO - TRANSFORMATION - Aplicando transformação em employees.salary: Alterando nome do schema para português
2025-05-01 03:52:08,703 - INFO - TRANSFORMATION - Aplicando transformação em employees.salary: Modificando 'amount' para 'quantia'
2025-05-01 03:52:08,703 - INFO - TRANSFORMATION - Aplicando transformação em employees.salary: Modificando 'from_date' para 'data_inicio'
2025-05-01 03:52:08,703 - INFO - TRANSFORMATION - Aplicando transformação em employees.salary: Modificando 'to_date' para 'data_fim'
2025-05-01 03:52:08,703 - INFO - TRANSFORMATION - Aplicando transformação em employees.salary: Modificando 'employee_id' para 'funcionario_id'
2025-05-01 03:52:08,703 - INFO - TRANSFORMATION - Aplicando transformação em employees.salary: Obter diferença de anos entre o data_inicio e data_fim do salario
2025-05-01 03:52:08,746 - INFO - TRANSFORMATION - Aplicando transformação em employees.salary: Obter salário mensal
2025-05-01 03:52:08,753 - INFO - TASK - Realizando carga completa da tabela funcionarios.salario
2025-05-01 03:52:08,753 - INFO - ENDPOINT - Removendo tabela funcionarios.salario
2025-05-01 03:52:08,755 - INFO - ENDPOINT - Criando tabela funcionarios.salario
2025-05-01 03:52:08,758 - INFO - ENDPOINT - Truncando tabela funcionarios.salario
2025-05-01 03:52:10,026 - INFO - ENDPOINT - Inserindo 2844047 registros na tabela funcionarios.salario
2025-05-01 03:52:48,837 - DEBUG - {'message': 'Full load data inserted successfully', 'success': True, 'time_elapsed': '40.08s'}
2025-05-01 03:52:48,844 - INFO - FILTER - Aplicando filtro em employees.employee gender: Filtrando gênero feminino
2025-05-01 03:52:48,848 - INFO - TRANSFORMATION - Aplicando transformação em employees.employee: Alterando nome da tabela para considerar somente funcionários do gênero feminino
2025-05-01 03:52:48,848 - INFO - TRANSFORMATION - Aplicando transformação em employees.employee: Formata coluna 'first_name' com tudo em maiúsculo
2025-05-01 03:52:48,853 - INFO - TRANSFORMATION - Aplicando transformação em employees.employee: Formata coluna 'last_name' com tudo em maiúsculo
2025-05-01 03:52:48,857 - INFO - TRANSFORMATION - Aplicando transformação em employees.employee: Cria coluna 'full_name'
2025-05-01 03:52:48,865 - INFO - TRANSFORMATION - Aplicando transformação em employees.employee: Carimbar como python quem realizou a replicação dos dados
2025-05-01 03:52:48,865 - INFO - TRANSFORMATION - Aplicando transformação em employees.employee: Carimbar data de sincronização
2025-05-01 03:52:48,870 - INFO - TASK - Realizando carga completa da tabela employees.employee_female
2025-05-01 03:52:48,870 - INFO - ENDPOINT - Removendo tabela employees.employee_female
2025-05-01 03:52:48,878 - INFO - ENDPOINT - Criando tabela employees.employee_female
2025-05-01 03:52:48,887 - INFO - ENDPOINT - Truncando tabela employees.employee_female
2025-05-01 03:52:49,013 - INFO - ENDPOINT - Inserindo 120051 registros na tabela employees.employee_female
2025-05-01 03:52:51,837 - DEBUG - {'message': 'Full load data inserted successfully', 'success': True, 'time_elapsed': '2.97s'}
2025-05-01 03:53:51,888 - INFO - consumer.py - Exit code: 0
2025-05-01 03:53:51,888 - INFO - Full Load concluído com sucesso
