2025-05-19 20:49:45,688 - INFO - TASK -  cdc_scd2_employees válido
2025-05-19 20:49:45,688 - INFO - TASK - Obtendo detalhes da tabela employees.salary
2025-05-19 20:49:45,708 - DEBUG - {'schema_name': 'employees', 'table_name': 'salary', 'estimated_row_count': 2805611, 'table_size': '425 MB', 'columns': ['employee_id', 'amount', 'from_date', 'to_date']}
2025-05-19 20:49:45,709 - INFO - TASK - Obtendo detalhes da tabela employees.employee
2025-05-19 20:49:45,714 - DEBUG - {'schema_name': 'employees', 'table_name': 'employee', 'estimated_row_count': 3, 'table_size': '39 MB', 'columns': ['id', 'birth_date', 'first_name', 'last_name', 'gender', 'hire_date']}
2025-05-19 20:49:45,714 - INFO - TASK - Obtendo detalhes da tabela employees.department_manager
2025-05-19 20:49:45,719 - DEBUG - {'schema_name': 'employees', 'table_name': 'department_manager', 'estimated_row_count': 0, 'table_size': '40 kB', 'columns': ['employee_id', 'department_id', 'from_date', 'to_date']}
2025-05-19 20:49:45,719 - INFO - TASK - Obtendo detalhes da tabela employees.department
2025-05-19 20:49:45,723 - DEBUG - {'schema_name': 'employees', 'table_name': 'department', 'estimated_row_count': 0, 'table_size': '40 kB', 'columns': ['id', 'dept_name']}
2025-05-19 20:49:45,724 - INFO - REPLICATION - Preparando employees.employee para SCD2
2025-05-19 20:49:45,724 - INFO - REPLICATION - Preparando employees.department para SCD2
2025-05-19 20:49:45,724 - INFO - REPLICATION - Preparando employees.salary para SCD2
2025-05-19 20:49:45,724 - INFO - REPLICATION - Preparando employees.department_manager para SCD2
2025-05-19 20:49:45,725 - INFO - CDC STRATEGY - Iniciando CDC com intervalo de 3s
2025-05-19 20:49:46,037 - INFO - MESSAGE DLX - Consumer Esperando por mensagens
2025-05-19 20:49:46,100 - INFO - MESSAGE - Consumer Esperando por mensagens
2025-05-19 20:49:46,141 - DEBUG - {'script_name': 'producer.py', 'exit_code': 0}
2025-05-19 20:49:49,526 - DEBUG - {'script_name': 'producer.py', 'exit_code': 0}
2025-05-19 20:49:52,924 - DEBUG - {'script_name': 'producer.py', 'exit_code': 0}
2025-05-19 20:49:56,847 - INFO - MESSAGE - Publicado 'trempy_routing_key_cdc_scd2_employees': cd06ed/ec3272
2025-05-19 20:49:56,911 - INFO - MESSAGE - Publicado 'trempy_routing_key_cdc_scd2_employees': cd06ed/f3108f
2025-05-19 20:49:56,922 - INFO - MESSAGE - Recebido 'trempy_routing_key_cdc_scd2_employees': cd06ed/ec3272
2025-05-19 20:49:56,968 - INFO - MESSAGE - Publicado 'trempy_routing_key_cdc_scd2_employees': cd06ed/48c996
2025-05-19 20:49:56,981 - INFO - MESSAGE - Publicado 'trempy_routing_key_cdc_scd2_employees': cd06ed/403b3c
2025-05-19 20:49:57,083 - DEBUG - {'script_name': 'producer.py', 'exit_code': 0}
2025-05-19 20:50:00,512 - DEBUG - {'script_name': 'producer.py', 'exit_code': 0}
2025-05-19 20:50:03,929 - DEBUG - {'script_name': 'producer.py', 'exit_code': 0}
2025-05-19 20:50:07,465 - DEBUG - {'script_name': 'producer.py', 'exit_code': 0}
2025-05-19 20:50:10,231 - INFO - MESSAGE - Recebido 'trempy_routing_key_cdc_scd2_employees': cd06ed/f3108f
2025-05-19 20:50:10,910 - DEBUG - {'script_name': 'producer.py', 'exit_code': 0}
2025-05-19 20:50:14,326 - DEBUG - {'script_name': 'producer.py', 'exit_code': 0}
2025-05-19 20:50:17,740 - DEBUG - {'script_name': 'producer.py', 'exit_code': 0}
2025-05-19 20:50:21,146 - DEBUG - {'script_name': 'producer.py', 'exit_code': 0}
2025-05-19 20:50:23,587 - INFO - MESSAGE - Recebido 'trempy_routing_key_cdc_scd2_employees': cd06ed/48c996
2025-05-19 20:50:24,588 - DEBUG - {'script_name': 'producer.py', 'exit_code': 0}
2025-05-19 20:50:28,007 - DEBUG - {'script_name': 'producer.py', 'exit_code': 0}
2025-05-19 20:50:31,413 - DEBUG - {'script_name': 'producer.py', 'exit_code': 0}
2025-05-19 20:50:34,821 - DEBUG - {'script_name': 'producer.py', 'exit_code': 0}
2025-05-19 20:50:36,964 - INFO - MESSAGE - Recebido 'trempy_routing_key_cdc_scd2_employees': cd06ed/403b3c
2025-05-19 20:50:38,225 - DEBUG - {'script_name': 'producer.py', 'exit_code': 0}
2025-05-19 20:50:41,634 - DEBUG - {'script_name': 'producer.py', 'exit_code': 0}
2025-05-19 20:50:45,006 - DEBUG - {'script_name': 'producer.py', 'exit_code': 0}
2025-05-19 20:50:48,398 - DEBUG - {'script_name': 'producer.py', 'exit_code': 0}
2025-05-19 20:50:51,805 - DEBUG - {'script_name': 'producer.py', 'exit_code': 0}
2025-05-19 20:50:55,271 - DEBUG - {'script_name': 'producer.py', 'exit_code': 0}
2025-05-19 20:50:58,694 - DEBUG - {'script_name': 'producer.py', 'exit_code': 0}
2025-05-19 20:51:02,214 - DEBUG - {'script_name': 'producer.py', 'exit_code': 0}
2025-05-19 20:51:05,635 - DEBUG - {'script_name': 'producer.py', 'exit_code': 0}
2025-05-19 20:51:09,048 - DEBUG - {'script_name': 'producer.py', 'exit_code': 0}
2025-05-19 20:51:12,450 - DEBUG - {'script_name': 'producer.py', 'exit_code': 0}
2025-05-19 20:51:15,879 - DEBUG - {'script_name': 'producer.py', 'exit_code': 0}
2025-05-19 20:51:19,300 - DEBUG - {'script_name': 'producer.py', 'exit_code': 0}
2025-05-19 20:51:21,507 - INFO - CDC STRATEGY - Interrompendo processo CDC
2025-05-19 20:51:21,508 - INFO - CDC STRATEGY - CDC encerrado
